<?xml version="1.0" encoding="UTF-8"?>
<!-- Generated by org.testng.reporters.JUnitXMLReporter -->
<testsuite ignored="5" hostname="Максим-VAIO" failures="0" tests="1" name="Default test" time="32.021" errors="0" timestamp="2022-06-02T03:20:57 EEST">
  <testcase classname="ua.price.tests.TestClicks" name="testClickType6" time="27.985"/>
  <testcase classname="ua.price.tests.TestClicks" name="testClickType1" time="0.0">
    <ignored/>
  </testcase> <!-- testClickType1 -->
  <testcase classname="ua.price.tests.TestClicks" name="testClickType4" time="0.0">
    <ignored/>
  </testcase> <!-- testClickType4 -->
  <testcase classname="ua.price.tests.TestClicks" name="testClickType9" time="0.0">
    <ignored/>
  </testcase> <!-- testClickType9 -->
  <testcase classname="ua.price.tests.TestClicks" name="testClickType3" time="0.0">
    <ignored/>
  </testcase> <!-- testClickType3 -->
  <testcase classname="ua.price.tests.TestClicks" name="testClickType2" time="0.0">
    <ignored/>
  </testcase> <!-- testClickType2 -->
</testsuite> <!-- Default test -->
