<?xml version="1.0" encoding="UTF-8"?>
<testsuite xmlns:xsi="http://www.w3.org/2001/XMLSchema-instance" xsi:noNamespaceSchemaLocation="https://maven.apache.org/surefire/maven-surefire-plugin/xsd/surefire-test-report-3.0.xsd" version="3.0" name="TestSuite" time="27.955" tests="1" errors="0" skipped="0" failures="0">
  <properties>
[...]
</properties>
  <testcase name="test" classname="ua.price.tests.TrialTest" time="26.945">
    <system-out><![CDATA[https://sravni.ua
firefox
]]></system-out>
    <system-err><![CDATA[SLF4J: Failed to load class "org.slf4j.impl.StaticLoggerBinder".
SLF4J: Defaulting to no-operation (NOP) logger implementation
SLF4J: See http://www.slf4j.org/codes.html#StaticLoggerBinder for further details.
1653393116920	geckodriver	INFO	Listening on 127.0.0.1:56154
1653393117790	mozrunner::runner	INFO	Running command: "C:\\Program Files (x86)\\Mozilla Firefox\\firefox.exe" "--marionette" "--remote-debugging-port" "62407" "--remote-allow-hosts" "localhost" "-no-remote" "-profile" "C:\\Users\\2BA0~1\\AppData\\Local\\Temp\\rust_mozprofileBQR3mV"
1653393118484	Marionette	INFO	Marionette enabled
console.warn: SearchSettings: "get: No settings file exists, new profile?" (new NotFoundError("Could not open the file at C:\\Users\\2BA0~1\\AppData\\Local\\Temp\\rust_mozprofileBQR3mV\\search.json.mozlz4", (void 0)))
DevTools listening on ws://localhost:62407/devtools/browser/ce05fa25-4309-4f25-aabc-63a4a23f7b42
1653393128494	Marionette	INFO	Listening on port 61402
Read port: 61402
1653393128703	RemoteAgent	WARN	TLS certificate errors will be ignored for this session
мая 24, 2022 2:52:08 PM org.openqa.selenium.remote.ProtocolHandshake createSession
INFO: Detected dialect: W3C
JavaScript warning: https://cdn.jsdelivr.net/npm/yandex-metrica-watch/tag.js, line 17: WEBGL_debug_renderer_info is deprecated in Firefox and will be removed. Please use RENDERER.
]]></system-err>
  </testcase>
</testsuite>