<?xml version="1.0" encoding="UTF-8"?>
<testng-results ignored="5" total="6" passed="1" failed="0" skipped="0">
  <reporter-output>
  </reporter-output>
  <suite started-at="2022-06-02T03:20:25 EEST" name="Default suite" finished-at="2022-06-02T03:20:57 EEST" duration-ms="32021">
    <groups>
    </groups>
    <test started-at="2022-06-02T03:20:25 EEST" name="Default test" finished-at="2022-06-02T03:20:57 EEST" duration-ms="32021">
      <class name="ua.price.tests.TestClicks">
        <test-method is-config="true" signature="setUp()[pri:0, instance:ua.price.tests.TestClicks@6404f418]" started-at="2022-06-02T03:20:25 EEST" name="setUp" finished-at="2022-06-02T03:20:29 EEST" duration-ms="3983" status="PASS">
          <reporter-output>
          </reporter-output>
        </test-method> <!-- setUp -->
        <test-method signature="testClickType6()[pri:0, instance:ua.price.tests.TestClicks@6404f418]" started-at="2022-06-02T03:20:29 EEST" name="testClickType6" finished-at="2022-06-02T03:20:57 EEST" duration-ms="27985" status="PASS">
          <reporter-output>
          </reporter-output>
        </test-method> <!-- testClickType6 -->
      </class> <!-- ua.price.tests.TestClicks -->
    </test> <!-- Default test -->
  </suite> <!-- Default suite -->
</testng-results>
